{"name":"getRequestWithQueryParam","status":"broken","statusDetails":{"known":false,"muted":false,"flaky":false,"message":"Invalid JSON expression:\nScript1.groovy: 1: expecting EOF, found ',' @ line 1, column 28.\n                            e,,mail[]\n                              ^\n\n1 error\n","trace":"java.lang.IllegalArgumentException: Invalid JSON expression:\nScript1.groovy: 1: expecting EOF, found ',' @ line 1, column 28.\n                            e,,mail[]\n                              ^\n\n1 error\n\n\tat java.base/jdk.internal.reflect.NativeConstructorAccessorImpl.newInstance0(Native Method)\n\tat java.base/jdk.internal.reflect.NativeConstructorAccessorImpl.newInstance(NativeConstructorAccessorImpl.java:78)\n\tat java.base/jdk.internal.reflect.DelegatingConstructorAccessorImpl.newInstance(DelegatingConstructorAccessorImpl.java:45)\n\tat java.base/java.lang.reflect.Constructor.newInstanceWithCaller(Constructor.java:499)\n\tat java.base/java.lang.reflect.Constructor.newInstance(Constructor.java:480)\n\tat org.codehaus.groovy.reflection.CachedConstructor.invoke(CachedConstructor.java:83)\n\tat org.codehaus.groovy.runtime.callsite.ConstructorSite$ConstructorSiteNoUnwrapNoCoerce.callConstructor(ConstructorSite.java:105)\n\tat org.codehaus.groovy.runtime.callsite.CallSiteArray.defaultCallConstructor(CallSiteArray.java:59)\n\tat org.codehaus.groovy.runtime.callsite.AbstractCallSite.callConstructor(AbstractCallSite.java:238)\n\tat org.codehaus.groovy.runtime.callsite.AbstractCallSite.callConstructor(AbstractCallSite.java:258)\n\tat io.restassured.internal.path.json.JSONAssertion.getAsJsonObject(JSONAssertion.groovy:57)\n\tat io.restassured.internal.path.json.JSONAssertion$getAsJsonObject.callCurrent(Unknown Source)\n\tat io.restassured.internal.path.json.JSONAssertion.getResult(JSONAssertion.groovy:28)\n\tat io.restassured.path.json.JsonPath.get(JsonPath.java:203)\n\tat io.restassured.path.json.JsonPath.getList(JsonPath.java:375)\n\tat AuthToken.getRequestWithQueryParam(AuthToken.java:70)\n\tat java.base/jdk.internal.reflect.NativeMethodAccessorImpl.invoke0(Native Method)\n\tat java.base/jdk.internal.reflect.NativeMethodAccessorImpl.invoke(NativeMethodAccessorImpl.java:78)\n\tat java.base/jdk.internal.reflect.DelegatingMethodAccessorImpl.invoke(DelegatingMethodAccessorImpl.java:43)\n\tat java.base/java.lang.reflect.Method.invoke(Method.java:567)\n\tat org.testng.internal.MethodInvocationHelper.invokeMethod(MethodInvocationHelper.java:131)\n\tat org.testng.internal.TestInvoker.invokeMethod(TestInvoker.java:570)\n\tat org.testng.internal.TestInvoker.invokeTestMethod(TestInvoker.java:170)\n\tat org.testng.internal.MethodRunner.runInSequence(MethodRunner.java:46)\n\tat org.testng.internal.TestInvoker$MethodInvocationAgent.invoke(TestInvoker.java:790)\n\tat org.testng.internal.TestInvoker.invokeTestMethods(TestInvoker.java:143)\n\tat org.testng.internal.TestMethodWorker.invokeTestMethods(TestMethodWorker.java:146)\n\tat org.testng.internal.TestMethodWorker.run(TestMethodWorker.java:128)\n\tat org.testng.TestRunner.privateRun(TestRunner.java:763)\n\tat org.testng.TestRunner.run(TestRunner.java:594)\n\tat org.testng.SuiteRunner.runTest(SuiteRunner.java:398)\n\tat org.testng.SuiteRunner.runSequentially(SuiteRunner.java:392)\n\tat org.testng.SuiteRunner.privateRun(SuiteRunner.java:355)\n\tat org.testng.SuiteRunner.run(SuiteRunner.java:304)\n\tat org.testng.SuiteRunnerWorker.runSuite(SuiteRunnerWorker.java:53)\n\tat org.testng.SuiteRunnerWorker.run(SuiteRunnerWorker.java:96)\n\tat org.testng.TestNG.runSuitesSequentially(TestNG.java:1146)\n\tat org.testng.TestNG.runSuitesLocally(TestNG.java:1067)\n\tat org.testng.TestNG.runSuites(TestNG.java:997)\n\tat org.testng.TestNG.run(TestNG.java:965)\n\tat com.intellij.rt.testng.IDEARemoteTestNG.run(IDEARemoteTestNG.java:66)\n\tat com.intellij.rt.testng.RemoteTestNGStarter.main(RemoteTestNGStarter.java:109)\nCaused by: org.codehaus.groovy.control.MultipleCompilationErrorsException: startup failed:\nScript1.groovy: 1: expecting EOF, found ',' @ line 1, column 28.\n   restAssuredJsonRootObject.e,,mail[]\n                              ^\n\n1 error\n\n\tat org.codehaus.groovy.control.ErrorCollector.failIfErrors(ErrorCollector.java:310)\n\tat org.codehaus.groovy.control.ErrorCollector.addFatalError(ErrorCollector.java:150)\n\tat org.codehaus.groovy.control.ErrorCollector.addError(ErrorCollector.java:120)\n\tat org.codehaus.groovy.control.ErrorCollector.addError(ErrorCollector.java:132)\n\tat org.codehaus.groovy.control.SourceUnit.addError(SourceUnit.java:349)\n\tat org.codehaus.groovy.antlr.AntlrParserPlugin.transformCSTIntoAST(AntlrParserPlugin.java:225)\n\tat org.codehaus.groovy.antlr.AntlrParserPlugin.parseCST(AntlrParserPlugin.java:191)\n\tat org.codehaus.groovy.control.SourceUnit.parse(SourceUnit.java:233)\n\tat org.codehaus.groovy.control.CompilationUnit$1.call(CompilationUnit.java:189)\n\tat org.codehaus.groovy.control.CompilationUnit.applyToSourceUnits(CompilationUnit.java:966)\n\tat org.codehaus.groovy.control.CompilationUnit.doPhaseOperation(CompilationUnit.java:626)\n\tat org.codehaus.groovy.control.CompilationUnit.processPhaseOperations(CompilationUnit.java:602)\n\tat org.codehaus.groovy.control.CompilationUnit.compile(CompilationUnit.java:579)\n\tat groovy.lang.GroovyClassLoader.doParseClass(GroovyClassLoader.java:323)\n\tat groovy.lang.GroovyClassLoader.parseClass(GroovyClassLoader.java:293)\n\tat groovy.lang.GroovyShell.parseClass(GroovyShell.java:677)\n\tat groovy.lang.GroovyShell.parse(GroovyShell.java:689)\n\tat groovy.lang.GroovyShell.evaluate(GroovyShell.java:573)\n\tat groovy.lang.GroovyShell.evaluate(GroovyShell.java:612)\n\tat groovy.lang.GroovyShell.evaluate(GroovyShell.java:583)\n\tat java.base/jdk.internal.reflect.NativeMethodAccessorImpl.invoke0(Native Method)\n\tat java.base/jdk.internal.reflect.NativeMethodAccessorImpl.invoke(NativeMethodAccessorImpl.java:78)\n\tat java.base/jdk.internal.reflect.DelegatingMethodAccessorImpl.invoke(DelegatingMethodAccessorImpl.java:43)\n\tat java.base/java.lang.reflect.Method.invoke(Method.java:567)\n\tat org.codehaus.groovy.runtime.callsite.PogoMetaMethodSite$PogoCachedMethodSiteNoUnwrap.invoke(PogoMetaMethodSite.java:190)\n\tat org.codehaus.groovy.runtime.callsite.PogoMetaMethodSite.call(PogoMetaMethodSite.java:71)\n\tat org.codehaus.groovy.runtime.callsite.AbstractCallSite.call(AbstractCallSite.java:128)\n\tat io.restassured.internal.path.json.JSONAssertion.eval(JSONAssertion.groovy:80)\n\tat java.base/jdk.internal.reflect.NativeMethodAccessorImpl.invoke0(Native Method)\n\tat java.base/jdk.internal.reflect.NativeMethodAccessorImpl.invoke(NativeMethodAccessorImpl.java:78)\n\tat java.base/jdk.internal.reflect.DelegatingMethodAccessorImpl.invoke(DelegatingMethodAccessorImpl.java:43)\n\tat java.base/java.lang.reflect.Method.invoke(Method.java:567)\n\tat org.codehaus.groovy.runtime.callsite.PogoMetaMethodSite$PogoCachedMethodSiteNoUnwrapNoCoerce.invoke(PogoMetaMethodSite.java:210)\n\tat org.codehaus.groovy.runtime.callsite.PogoMetaMethodSite.callCurrent(PogoMetaMethodSite.java:59)\n\tat org.codehaus.groovy.runtime.callsite.AbstractCallSite.callCurrent(AbstractCallSite.java:185)\n\tat io.restassured.internal.path.json.JSONAssertion.getAsJsonObject(JSONAssertion.groovy:46)\n\t... 31 more\n"},"stage":"finished","steps":[],"attachments":[],"parameters":[],"start":1619032239387,"stop":1619032241932,"uuid":"928ebe2f-27bc-49bd-ae31-08df27ea0d69","historyId":"d9869e4c5b64a2d99bb8a5860908d8f2","fullName":"AuthToken.getRequestWithQueryParam","labels":[{"name":"package","value":"AuthToken"},{"name":"testClass","value":"AuthToken"},{"name":"testMethod","value":"getRequestWithQueryParam"},{"name":"parentSuite","value":"Default Suite"},{"name":"suite","value":"RESTUsingMaven"},{"name":"subSuite","value":"AuthToken"},{"name":"host","value":"192.168.0.101"},{"name":"thread","value":"17352@192.168.0.101.main(1)"},{"name":"framework","value":"testng"},{"name":"language","value":"java"}],"links":[]}